2023-07-12 00:23:09 INFO  [main] org.springframework.boot.StartupInfoLogger: Starting YouNiteApplication using Java 17.0.6 on DESKTOP-TVDDHJO with PID 39388 (C:\Users\user\OneDrive\Desktop\eeit64-younite\Back-End\target\classes started by user in C:\Users\user\OneDrive\Desktop\eeit64-younite\Back-End)
2023-07-12 00:23:09 INFO  [main] org.springframework.boot.SpringApplication: No active profile set, falling back to 1 default profile: "default"
2023-07-12 00:23:15 INFO  [main] org.springframework.boot.web.embedded.tomcat.TomcatWebServer: Tomcat initialized with port(s): 8080 (http)
2023-07-12 00:23:15 INFO  [main] org.apache.juli.logging.DirectJDKLog: Starting service [Tomcat]
2023-07-12 00:23:15 INFO  [main] org.apache.juli.logging.DirectJDKLog: Starting Servlet engine: [Apache Tomcat/9.0.75]
2023-07-12 00:23:16 INFO  [main] org.apache.juli.logging.DirectJDKLog: Initializing Spring embedded WebApplicationContext
2023-07-12 00:23:16 INFO  [main] org.springframework.boot.web.servlet.context.ServletWebServerApplicationContext: Root WebApplicationContext: initialization completed in 6163 ms
2023-07-12 00:23:19 INFO  [main] org.springframework.boot.autoconfigure.web.servlet.WelcomePageHandlerMapping: Adding welcome page: class path resource [static/index.html]
2023-07-12 00:23:19 WARN  [main] org.springframework.boot.autoconfigure.thymeleaf.ThymeleafAutoConfiguration$DefaultTemplateResolverConfiguration: Cannot find template location: classpath:/templates/ (please add some templates, check your Thymeleaf configuration, or set spring.thymeleaf.check-template-location=false)
2023-07-12 00:23:19 INFO  [main] org.springframework.boot.web.embedded.tomcat.TomcatWebServer: Tomcat started on port(s): 8080 (http) with context path ''
2023-07-12 00:23:20 INFO  [main] org.springframework.boot.StartupInfoLogger: Started YouNiteApplication in 12.004 seconds (JVM running for 14.858)
2023-07-12 00:23:27 INFO  [http-nio-8080-exec-5] org.apache.juli.logging.DirectJDKLog: Initializing Spring DispatcherServlet 'dispatcherServlet'
2023-07-12 00:23:27 INFO  [http-nio-8080-exec-5] org.springframework.web.servlet.FrameworkServlet: Initializing Servlet 'dispatcherServlet'
2023-07-12 00:23:27 INFO  [http-nio-8080-exec-5] org.springframework.web.servlet.FrameworkServlet: Completed initialization in 2 ms
2023-07-12 00:23:28 INFO  [http-nio-8080-exec-5] com.zaxxer.hikari.HikariDataSource: HikariPool-1 - Starting...
2023-07-12 00:23:29 INFO  [http-nio-8080-exec-5] com.zaxxer.hikari.HikariDataSource: HikariPool-1 - Start completed.
2023-07-12 00:23:37 INFO  [http-nio-8080-exec-3] ecpay.payment.integration.AllInOne: aioCheckOutOneTime params: AioCheckOutOneTime [MerchantID=2000132, MerchantTradeNo=Y1689092617067, MerchantTradeDate=2023/07/12 00:23:37, PaymentType=aio, TotalAmount=399, TradeDesc=Thank you, ItemName=一個月VIP會員, ReturnURL=https://d2d9-118-163-218-100.ngrok-free.app/callback, ChoosePayment=Credit, ClientBackURL=, ItemURL=, Remark=, ChooseSubPayment=, OrderResultURL=http://localhost:8080/redirectPost, NeedExtraPaidInfo=N, DeviceSource=, IgnorePayment=, PlatformID=, InvoiceMark=N, EncryptType=1, Redeem=, UnionPay=, Language=, StoreID=, CustomField1=, CustomField2=, CustomField3=, CustomField4=, BidingCard=, MerchantMemberID=]
2023-07-12 00:26:59 INFO  [http-nio-8080-exec-2] org.apache.juli.logging.DirectJDKLog: A cookie header was received [g_state={"i_l":0};] that contained an invalid cookie. That cookie will be ignored.
 Note: further occurrences of this error will be logged at DEBUG level.
2023-07-12 00:51:14 INFO  [SpringApplicationShutdownHook] com.zaxxer.hikari.HikariDataSource: HikariPool-1 - Shutdown initiated...
2023-07-12 00:51:24 INFO  [SpringApplicationShutdownHook] com.zaxxer.hikari.HikariDataSource: HikariPool-1 - Shutdown completed.
2023-07-12 12:28:47 INFO  [main] org.springframework.boot.StartupInfoLogger: Starting YouNiteApplication using Java 17.0.6 on DESKTOP-TVDDHJO with PID 29528 (C:\Users\user\OneDrive\Desktop\eeit64-younite\Back-End\target\classes started by user in C:\Users\user\OneDrive\Desktop\eeit64-younite\Back-End)
2023-07-12 12:28:47 INFO  [main] org.springframework.boot.SpringApplication: No active profile set, falling back to 1 default profile: "default"
2023-07-12 12:28:48 INFO  [main] org.springframework.boot.web.embedded.tomcat.TomcatWebServer: Tomcat initialized with port(s): 8080 (http)
2023-07-12 12:28:48 INFO  [main] org.apache.juli.logging.DirectJDKLog: Starting service [Tomcat]
2023-07-12 12:28:48 INFO  [main] org.apache.juli.logging.DirectJDKLog: Starting Servlet engine: [Apache Tomcat/9.0.75]
2023-07-12 12:28:48 INFO  [main] org.apache.juli.logging.DirectJDKLog: Initializing Spring embedded WebApplicationContext
2023-07-12 12:28:48 INFO  [main] org.springframework.boot.web.servlet.context.ServletWebServerApplicationContext: Root WebApplicationContext: initialization completed in 1896 ms
2023-07-12 12:28:50 INFO  [main] org.springframework.boot.autoconfigure.web.servlet.WelcomePageHandlerMapping: Adding welcome page: class path resource [static/index.html]
2023-07-12 12:28:50 WARN  [main] org.springframework.boot.autoconfigure.thymeleaf.ThymeleafAutoConfiguration$DefaultTemplateResolverConfiguration: Cannot find template location: classpath:/templates/ (please add some templates, check your Thymeleaf configuration, or set spring.thymeleaf.check-template-location=false)
2023-07-12 12:28:50 INFO  [main] org.springframework.boot.web.embedded.tomcat.TomcatWebServer: Tomcat started on port(s): 8080 (http) with context path ''
2023-07-12 12:28:50 INFO  [main] org.springframework.boot.StartupInfoLogger: Started YouNiteApplication in 4.381 seconds (JVM running for 5.876)
2023-07-12 12:29:01 INFO  [http-nio-8080-exec-1] org.apache.juli.logging.DirectJDKLog: Initializing Spring DispatcherServlet 'dispatcherServlet'
2023-07-12 12:29:01 INFO  [http-nio-8080-exec-1] org.springframework.web.servlet.FrameworkServlet: Initializing Servlet 'dispatcherServlet'
2023-07-12 12:29:01 INFO  [http-nio-8080-exec-1] org.springframework.web.servlet.FrameworkServlet: Completed initialization in 1 ms
2023-07-12 12:29:01 INFO  [http-nio-8080-exec-1] com.zaxxer.hikari.HikariDataSource: HikariPool-1 - Starting...
2023-07-12 12:29:02 INFO  [http-nio-8080-exec-1] com.zaxxer.hikari.HikariDataSource: HikariPool-1 - Start completed.
2023-07-12 12:29:18 ERROR [http-nio-8080-exec-5] org.apache.juli.logging.DirectJDKLog: Servlet.service() for servlet [dispatcherServlet] in context with path [] threw exception [Request processing failed; nested exception is java.lang.ClassCastException: class java.lang.String cannot be cast to class org.json.simple.JSONObject (java.lang.String is in module java.base of loader 'bootstrap'; org.json.simple.JSONObject is in unnamed module of loader 'app')] with root cause
java.lang.ClassCastException: class java.lang.String cannot be cast to class org.json.simple.JSONObject (java.lang.String is in module java.base of loader 'bootstrap'; org.json.simple.JSONObject is in unnamed module of loader 'app')
	at tw.com.younite.util.DataTransferUtil.parseDistance(DataTransferUtil.java:57)
	at tw.com.younite.service.impl.InterestService.findUserProfilesByInterests(InterestService.java:95)
	at tw.com.younite.controller.InterestController.getMutualInterests(InterestController.java:47)
	at java.base/jdk.internal.reflect.NativeMethodAccessorImpl.invoke0(Native Method)
	at java.base/jdk.internal.reflect.NativeMethodAccessorImpl.invoke(NativeMethodAccessorImpl.java:77)
	at java.base/jdk.internal.reflect.DelegatingMethodAccessorImpl.invoke(DelegatingMethodAccessorImpl.java:43)
	at java.base/java.lang.reflect.Method.invoke(Method.java:568)
	at org.springframework.web.method.support.InvocableHandlerMethod.doInvoke(InvocableHandlerMethod.java:205)
	at org.springframework.web.method.support.InvocableHandlerMethod.invokeForRequest(InvocableHandlerMethod.java:150)
	at org.springframework.web.servlet.mvc.method.annotation.ServletInvocableHandlerMethod.invokeAndHandle(ServletInvocableHandlerMethod.java:117)
	at org.springframework.web.servlet.mvc.method.annotation.RequestMappingHandlerAdapter.invokeHandlerMethod(RequestMappingHandlerAdapter.java:895)
	at org.springframework.web.servlet.mvc.method.annotation.RequestMappingHandlerAdapter.handleInternal(RequestMappingHandlerAdapter.java:808)
	at org.springframework.web.servlet.mvc.method.AbstractHandlerMethodAdapter.handle(AbstractHandlerMethodAdapter.java:87)
	at org.springframework.web.servlet.DispatcherServlet.doDispatch(DispatcherServlet.java:1072)
	at org.springframework.web.servlet.DispatcherServlet.doService(DispatcherServlet.java:965)
	at org.springframework.web.servlet.FrameworkServlet.processRequest(FrameworkServlet.java:1006)
	at org.springframework.web.servlet.FrameworkServlet.doGet(FrameworkServlet.java:898)
	at javax.servlet.http.HttpServlet.service(HttpServlet.java:529)
	at org.springframework.web.servlet.FrameworkServlet.service(FrameworkServlet.java:883)
	at javax.servlet.http.HttpServlet.service(HttpServlet.java:623)
	at org.apache.catalina.core.ApplicationFilterChain.internalDoFilter(ApplicationFilterChain.java:209)
	at org.apache.catalina.core.ApplicationFilterChain.doFilter(ApplicationFilterChain.java:153)
	at org.apache.tomcat.websocket.server.WsFilter.doFilter(WsFilter.java:51)
	at org.apache.catalina.core.ApplicationFilterChain.internalDoFilter(ApplicationFilterChain.java:178)
	at org.apache.catalina.core.ApplicationFilterChain.doFilter(ApplicationFilterChain.java:153)
	at org.springframework.web.filter.RequestContextFilter.doFilterInternal(RequestContextFilter.java:100)
	at org.springframework.web.filter.OncePerRequestFilter.doFilter(OncePerRequestFilter.java:117)
	at org.apache.catalina.core.ApplicationFilterChain.internalDoFilter(ApplicationFilterChain.java:178)
	at org.apache.catalina.core.ApplicationFilterChain.doFilter(ApplicationFilterChain.java:153)
	at org.springframework.web.filter.FormContentFilter.doFilterInternal(FormContentFilter.java:93)
	at org.springframework.web.filter.OncePerRequestFilter.doFilter(OncePerRequestFilter.java:117)
	at org.apache.catalina.core.ApplicationFilterChain.internalDoFilter(ApplicationFilterChain.java:178)
	at org.apache.catalina.core.ApplicationFilterChain.doFilter(ApplicationFilterChain.java:153)
	at org.springframework.web.filter.CharacterEncodingFilter.doFilterInternal(CharacterEncodingFilter.java:201)
	at org.springframework.web.filter.OncePerRequestFilter.doFilter(OncePerRequestFilter.java:117)
	at org.apache.catalina.core.ApplicationFilterChain.internalDoFilter(ApplicationFilterChain.java:178)
	at org.apache.catalina.core.ApplicationFilterChain.doFilter(ApplicationFilterChain.java:153)
	at org.apache.catalina.core.StandardWrapperValve.invoke(StandardWrapperValve.java:167)
	at org.apache.catalina.core.StandardContextValve.invoke(StandardContextValve.java:90)
	at org.apache.catalina.authenticator.AuthenticatorBase.invoke(AuthenticatorBase.java:481)
	at org.apache.catalina.core.StandardHostValve.invoke(StandardHostValve.java:130)
	at org.apache.catalina.valves.ErrorReportValve.invoke(ErrorReportValve.java:93)
	at org.apache.catalina.core.StandardEngineValve.invoke(StandardEngineValve.java:74)
	at org.apache.catalina.connector.CoyoteAdapter.service(CoyoteAdapter.java:343)
	at org.apache.coyote.http11.Http11Processor.service(Http11Processor.java:390)
	at org.apache.coyote.AbstractProcessorLight.process(AbstractProcessorLight.java:63)
	at org.apache.coyote.AbstractProtocol$ConnectionHandler.process(AbstractProtocol.java:926)
	at org.apache.tomcat.util.net.NioEndpoint$SocketProcessor.doRun(NioEndpoint.java:1791)
	at org.apache.tomcat.util.net.SocketProcessorBase.run(SocketProcessorBase.java:52)
	at org.apache.tomcat.util.threads.ThreadPoolExecutor.runWorker(ThreadPoolExecutor.java:1191)
	at org.apache.tomcat.util.threads.ThreadPoolExecutor$Worker.run(ThreadPoolExecutor.java:659)
	at org.apache.tomcat.util.threads.TaskThread$WrappingRunnable.run(TaskThread.java:61)
	at java.base/java.lang.Thread.run(Thread.java:833)
2023-07-12 12:36:55 INFO  [SpringApplicationShutdownHook] com.zaxxer.hikari.HikariDataSource: HikariPool-1 - Shutdown initiated...
2023-07-12 12:36:56 INFO  [SpringApplicationShutdownHook] com.zaxxer.hikari.HikariDataSource: HikariPool-1 - Shutdown completed.
2023-07-12 12:37:03 INFO  [main] org.springframework.boot.StartupInfoLogger: Starting YouNiteApplication using Java 17.0.6 on DESKTOP-TVDDHJO with PID 36196 (C:\Users\user\OneDrive\Desktop\eeit64-younite\Back-End\target\classes started by user in C:\Users\user\OneDrive\Desktop\eeit64-younite\Back-End)
2023-07-12 12:37:03 INFO  [main] org.springframework.boot.SpringApplication: No active profile set, falling back to 1 default profile: "default"
2023-07-12 12:37:05 INFO  [main] org.springframework.boot.web.embedded.tomcat.TomcatWebServer: Tomcat initialized with port(s): 8080 (http)
2023-07-12 12:37:05 INFO  [main] org.apache.juli.logging.DirectJDKLog: Starting service [Tomcat]
2023-07-12 12:37:05 INFO  [main] org.apache.juli.logging.DirectJDKLog: Starting Servlet engine: [Apache Tomcat/9.0.75]
2023-07-12 12:37:06 INFO  [main] org.apache.juli.logging.DirectJDKLog: Initializing Spring embedded WebApplicationContext
2023-07-12 12:37:06 INFO  [main] org.springframework.boot.web.servlet.context.ServletWebServerApplicationContext: Root WebApplicationContext: initialization completed in 3006 ms
2023-07-12 12:37:08 INFO  [main] org.springframework.boot.autoconfigure.web.servlet.WelcomePageHandlerMapping: Adding welcome page: class path resource [static/index.html]
2023-07-12 12:37:08 WARN  [main] org.springframework.boot.autoconfigure.thymeleaf.ThymeleafAutoConfiguration$DefaultTemplateResolverConfiguration: Cannot find template location: classpath:/templates/ (please add some templates, check your Thymeleaf configuration, or set spring.thymeleaf.check-template-location=false)
2023-07-12 12:37:08 INFO  [main] org.springframework.boot.web.embedded.tomcat.TomcatWebServer: Tomcat started on port(s): 8080 (http) with context path ''
2023-07-12 12:37:09 INFO  [main] org.springframework.boot.StartupInfoLogger: Started YouNiteApplication in 6.814 seconds (JVM running for 8.709)
2023-07-12 12:37:18 INFO  [http-nio-8080-exec-1] org.apache.juli.logging.DirectJDKLog: Initializing Spring DispatcherServlet 'dispatcherServlet'
2023-07-12 12:37:18 INFO  [http-nio-8080-exec-1] org.springframework.web.servlet.FrameworkServlet: Initializing Servlet 'dispatcherServlet'
2023-07-12 12:37:18 INFO  [http-nio-8080-exec-1] org.springframework.web.servlet.FrameworkServlet: Completed initialization in 3 ms
2023-07-12 12:37:18 INFO  [http-nio-8080-exec-1] com.zaxxer.hikari.HikariDataSource: HikariPool-1 - Starting...
2023-07-12 12:37:19 INFO  [http-nio-8080-exec-1] com.zaxxer.hikari.HikariDataSource: HikariPool-1 - Start completed.
2023-07-12 12:37:30 ERROR [http-nio-8080-exec-9] org.apache.juli.logging.DirectJDKLog: Servlet.service() for servlet [dispatcherServlet] in context with path [] threw exception [Request processing failed; nested exception is java.lang.ClassCastException: class java.lang.String cannot be cast to class org.json.simple.JSONObject (java.lang.String is in module java.base of loader 'bootstrap'; org.json.simple.JSONObject is in unnamed module of loader 'app')] with root cause
java.lang.ClassCastException: class java.lang.String cannot be cast to class org.json.simple.JSONObject (java.lang.String is in module java.base of loader 'bootstrap'; org.json.simple.JSONObject is in unnamed module of loader 'app')
	at tw.com.younite.util.DataTransferUtil.parseDistance(DataTransferUtil.java:58)
	at tw.com.younite.service.impl.InterestService.findUserProfilesByInterests(InterestService.java:95)
	at tw.com.younite.controller.InterestController.getMutualInterests(InterestController.java:47)
	at java.base/jdk.internal.reflect.NativeMethodAccessorImpl.invoke0(Native Method)
	at java.base/jdk.internal.reflect.NativeMethodAccessorImpl.invoke(NativeMethodAccessorImpl.java:77)
	at java.base/jdk.internal.reflect.DelegatingMethodAccessorImpl.invoke(DelegatingMethodAccessorImpl.java:43)
	at java.base/java.lang.reflect.Method.invoke(Method.java:568)
	at org.springframework.web.method.support.InvocableHandlerMethod.doInvoke(InvocableHandlerMethod.java:205)
	at org.springframework.web.method.support.InvocableHandlerMethod.invokeForRequest(InvocableHandlerMethod.java:150)
	at org.springframework.web.servlet.mvc.method.annotation.ServletInvocableHandlerMethod.invokeAndHandle(ServletInvocableHandlerMethod.java:117)
	at org.springframework.web.servlet.mvc.method.annotation.RequestMappingHandlerAdapter.invokeHandlerMethod(RequestMappingHandlerAdapter.java:895)
	at org.springframework.web.servlet.mvc.method.annotation.RequestMappingHandlerAdapter.handleInternal(RequestMappingHandlerAdapter.java:808)
	at org.springframework.web.servlet.mvc.method.AbstractHandlerMethodAdapter.handle(AbstractHandlerMethodAdapter.java:87)
	at org.springframework.web.servlet.DispatcherServlet.doDispatch(DispatcherServlet.java:1072)
	at org.springframework.web.servlet.DispatcherServlet.doService(DispatcherServlet.java:965)
	at org.springframework.web.servlet.FrameworkServlet.processRequest(FrameworkServlet.java:1006)
	at org.springframework.web.servlet.FrameworkServlet.doGet(FrameworkServlet.java:898)
	at javax.servlet.http.HttpServlet.service(HttpServlet.java:529)
	at org.springframework.web.servlet.FrameworkServlet.service(FrameworkServlet.java:883)
	at javax.servlet.http.HttpServlet.service(HttpServlet.java:623)
	at org.apache.catalina.core.ApplicationFilterChain.internalDoFilter(ApplicationFilterChain.java:209)
	at org.apache.catalina.core.ApplicationFilterChain.doFilter(ApplicationFilterChain.java:153)
	at org.apache.tomcat.websocket.server.WsFilter.doFilter(WsFilter.java:51)
	at org.apache.catalina.core.ApplicationFilterChain.internalDoFilter(ApplicationFilterChain.java:178)
	at org.apache.catalina.core.ApplicationFilterChain.doFilter(ApplicationFilterChain.java:153)
	at org.springframework.web.filter.RequestContextFilter.doFilterInternal(RequestContextFilter.java:100)
	at org.springframework.web.filter.OncePerRequestFilter.doFilter(OncePerRequestFilter.java:117)
	at org.apache.catalina.core.ApplicationFilterChain.internalDoFilter(ApplicationFilterChain.java:178)
	at org.apache.catalina.core.ApplicationFilterChain.doFilter(ApplicationFilterChain.java:153)
	at org.springframework.web.filter.FormContentFilter.doFilterInternal(FormContentFilter.java:93)
	at org.springframework.web.filter.OncePerRequestFilter.doFilter(OncePerRequestFilter.java:117)
	at org.apache.catalina.core.ApplicationFilterChain.internalDoFilter(ApplicationFilterChain.java:178)
	at org.apache.catalina.core.ApplicationFilterChain.doFilter(ApplicationFilterChain.java:153)
	at org.springframework.web.filter.CharacterEncodingFilter.doFilterInternal(CharacterEncodingFilter.java:201)
	at org.springframework.web.filter.OncePerRequestFilter.doFilter(OncePerRequestFilter.java:117)
	at org.apache.catalina.core.ApplicationFilterChain.internalDoFilter(ApplicationFilterChain.java:178)
	at org.apache.catalina.core.ApplicationFilterChain.doFilter(ApplicationFilterChain.java:153)
	at org.apache.catalina.core.StandardWrapperValve.invoke(StandardWrapperValve.java:167)
	at org.apache.catalina.core.StandardContextValve.invoke(StandardContextValve.java:90)
	at org.apache.catalina.authenticator.AuthenticatorBase.invoke(AuthenticatorBase.java:481)
	at org.apache.catalina.core.StandardHostValve.invoke(StandardHostValve.java:130)
	at org.apache.catalina.valves.ErrorReportValve.invoke(ErrorReportValve.java:93)
	at org.apache.catalina.core.StandardEngineValve.invoke(StandardEngineValve.java:74)
	at org.apache.catalina.connector.CoyoteAdapter.service(CoyoteAdapter.java:343)
	at org.apache.coyote.http11.Http11Processor.service(Http11Processor.java:390)
	at org.apache.coyote.AbstractProcessorLight.process(AbstractProcessorLight.java:63)
	at org.apache.coyote.AbstractProtocol$ConnectionHandler.process(AbstractProtocol.java:926)
	at org.apache.tomcat.util.net.NioEndpoint$SocketProcessor.doRun(NioEndpoint.java:1791)
	at org.apache.tomcat.util.net.SocketProcessorBase.run(SocketProcessorBase.java:52)
	at org.apache.tomcat.util.threads.ThreadPoolExecutor.runWorker(ThreadPoolExecutor.java:1191)
	at org.apache.tomcat.util.threads.ThreadPoolExecutor$Worker.run(ThreadPoolExecutor.java:659)
	at org.apache.tomcat.util.threads.TaskThread$WrappingRunnable.run(TaskThread.java:61)
	at java.base/java.lang.Thread.run(Thread.java:833)
2023-07-12 12:43:27 INFO  [SpringApplicationShutdownHook] com.zaxxer.hikari.HikariDataSource: HikariPool-1 - Shutdown initiated...
2023-07-12 12:43:28 INFO  [SpringApplicationShutdownHook] com.zaxxer.hikari.HikariDataSource: HikariPool-1 - Shutdown completed.
2023-07-12 12:43:32 INFO  [main] org.springframework.boot.StartupInfoLogger: Starting YouNiteApplication using Java 17.0.6 on DESKTOP-TVDDHJO with PID 46796 (C:\Users\user\OneDrive\Desktop\eeit64-younite\Back-End\target\classes started by user in C:\Users\user\OneDrive\Desktop\eeit64-younite\Back-End)
2023-07-12 12:43:32 INFO  [main] org.springframework.boot.SpringApplication: No active profile set, falling back to 1 default profile: "default"
2023-07-12 12:43:34 INFO  [main] org.springframework.boot.web.embedded.tomcat.TomcatWebServer: Tomcat initialized with port(s): 8080 (http)
2023-07-12 12:43:34 INFO  [main] org.apache.juli.logging.DirectJDKLog: Starting service [Tomcat]
2023-07-12 12:43:34 INFO  [main] org.apache.juli.logging.DirectJDKLog: Starting Servlet engine: [Apache Tomcat/9.0.75]
2023-07-12 12:43:34 INFO  [main] org.apache.juli.logging.DirectJDKLog: Initializing Spring embedded WebApplicationContext
2023-07-12 12:43:34 INFO  [main] org.springframework.boot.web.servlet.context.ServletWebServerApplicationContext: Root WebApplicationContext: initialization completed in 1660 ms
2023-07-12 12:43:35 INFO  [main] org.springframework.boot.autoconfigure.web.servlet.WelcomePageHandlerMapping: Adding welcome page: class path resource [static/index.html]
2023-07-12 12:43:35 WARN  [main] org.springframework.boot.autoconfigure.thymeleaf.ThymeleafAutoConfiguration$DefaultTemplateResolverConfiguration: Cannot find template location: classpath:/templates/ (please add some templates, check your Thymeleaf configuration, or set spring.thymeleaf.check-template-location=false)
2023-07-12 12:43:36 INFO  [main] org.springframework.boot.web.embedded.tomcat.TomcatWebServer: Tomcat started on port(s): 8080 (http) with context path ''
2023-07-12 12:43:36 INFO  [main] org.springframework.boot.StartupInfoLogger: Started YouNiteApplication in 3.807 seconds (JVM running for 4.96)
2023-07-12 12:43:43 INFO  [http-nio-8080-exec-2] org.apache.juli.logging.DirectJDKLog: Initializing Spring DispatcherServlet 'dispatcherServlet'
2023-07-12 12:43:43 INFO  [http-nio-8080-exec-2] org.springframework.web.servlet.FrameworkServlet: Initializing Servlet 'dispatcherServlet'
2023-07-12 12:43:43 INFO  [http-nio-8080-exec-2] org.springframework.web.servlet.FrameworkServlet: Completed initialization in 1 ms
2023-07-12 12:43:43 INFO  [http-nio-8080-exec-2] com.zaxxer.hikari.HikariDataSource: HikariPool-1 - Starting...
2023-07-12 12:43:44 INFO  [http-nio-8080-exec-2] com.zaxxer.hikari.HikariDataSource: HikariPool-1 - Start completed.
2023-07-12 13:00:59 INFO  [SpringApplicationShutdownHook] com.zaxxer.hikari.HikariDataSource: HikariPool-1 - Shutdown initiated...
2023-07-12 13:01:14 INFO  [main] org.springframework.boot.StartupInfoLogger: Starting YouNiteApplication using Java 17.0.6 on DESKTOP-TVDDHJO with PID 45760 (C:\Users\user\OneDrive\Desktop\eeit64-younite\Back-End\target\classes started by user in C:\Users\user\OneDrive\Desktop\eeit64-younite\Back-End)
2023-07-12 13:01:14 INFO  [main] org.springframework.boot.SpringApplication: No active profile set, falling back to 1 default profile: "default"
2023-07-12 13:01:15 INFO  [main] org.springframework.boot.web.embedded.tomcat.TomcatWebServer: Tomcat initialized with port(s): 8080 (http)
2023-07-12 13:01:15 INFO  [main] org.apache.juli.logging.DirectJDKLog: Starting service [Tomcat]
2023-07-12 13:01:15 INFO  [main] org.apache.juli.logging.DirectJDKLog: Starting Servlet engine: [Apache Tomcat/9.0.75]
2023-07-12 13:01:16 INFO  [main] org.apache.juli.logging.DirectJDKLog: Initializing Spring embedded WebApplicationContext
2023-07-12 13:01:16 INFO  [main] org.springframework.boot.web.servlet.context.ServletWebServerApplicationContext: Root WebApplicationContext: initialization completed in 1712 ms
2023-07-12 13:01:17 INFO  [main] org.springframework.boot.autoconfigure.web.servlet.WelcomePageHandlerMapping: Adding welcome page: class path resource [static/index.html]
2023-07-12 13:01:17 WARN  [main] org.springframework.boot.autoconfigure.thymeleaf.ThymeleafAutoConfiguration$DefaultTemplateResolverConfiguration: Cannot find template location: classpath:/templates/ (please add some templates, check your Thymeleaf configuration, or set spring.thymeleaf.check-template-location=false)
2023-07-12 13:01:17 INFO  [main] org.springframework.boot.web.embedded.tomcat.TomcatWebServer: Tomcat started on port(s): 8080 (http) with context path ''
2023-07-12 13:01:18 INFO  [main] org.springframework.boot.StartupInfoLogger: Started YouNiteApplication in 4.015 seconds (JVM running for 5.151)
2023-07-12 13:01:24 INFO  [http-nio-8080-exec-1] org.apache.juli.logging.DirectJDKLog: Initializing Spring DispatcherServlet 'dispatcherServlet'
2023-07-12 13:01:24 INFO  [http-nio-8080-exec-1] org.springframework.web.servlet.FrameworkServlet: Initializing Servlet 'dispatcherServlet'
2023-07-12 13:01:24 INFO  [http-nio-8080-exec-1] org.springframework.web.servlet.FrameworkServlet: Completed initialization in 0 ms
2023-07-12 13:01:24 INFO  [http-nio-8080-exec-1] com.zaxxer.hikari.HikariDataSource: HikariPool-1 - Starting...
2023-07-12 13:01:25 INFO  [http-nio-8080-exec-1] com.zaxxer.hikari.HikariDataSource: HikariPool-1 - Start completed.
2023-07-12 13:04:16 INFO  [SpringApplicationShutdownHook] com.zaxxer.hikari.HikariDataSource: HikariPool-1 - Shutdown initiated...
2023-07-12 13:04:16 INFO  [SpringApplicationShutdownHook] com.zaxxer.hikari.HikariDataSource: HikariPool-1 - Shutdown completed.
2023-07-12 13:04:27 INFO  [main] org.springframework.boot.StartupInfoLogger: Starting YouNiteApplication using Java 17.0.6 on DESKTOP-TVDDHJO with PID 46136 (C:\Users\user\OneDrive\Desktop\eeit64-younite\Back-End\target\classes started by user in C:\Users\user\OneDrive\Desktop\eeit64-younite\Back-End)
2023-07-12 13:04:27 INFO  [main] org.springframework.boot.SpringApplication: No active profile set, falling back to 1 default profile: "default"
2023-07-12 13:04:30 INFO  [main] org.springframework.boot.web.embedded.tomcat.TomcatWebServer: Tomcat initialized with port(s): 8080 (http)
2023-07-12 13:04:30 INFO  [main] org.apache.juli.logging.DirectJDKLog: Starting service [Tomcat]
2023-07-12 13:04:30 INFO  [main] org.apache.juli.logging.DirectJDKLog: Starting Servlet engine: [Apache Tomcat/9.0.75]
2023-07-12 13:04:31 INFO  [main] org.apache.juli.logging.DirectJDKLog: Initializing Spring embedded WebApplicationContext
2023-07-12 13:04:31 INFO  [main] org.springframework.boot.web.servlet.context.ServletWebServerApplicationContext: Root WebApplicationContext: initialization completed in 3535 ms
2023-07-12 13:04:33 INFO  [main] org.springframework.boot.autoconfigure.web.servlet.WelcomePageHandlerMapping: Adding welcome page: class path resource [static/index.html]
2023-07-12 13:04:34 WARN  [main] org.springframework.boot.autoconfigure.thymeleaf.ThymeleafAutoConfiguration$DefaultTemplateResolverConfiguration: Cannot find template location: classpath:/templates/ (please add some templates, check your Thymeleaf configuration, or set spring.thymeleaf.check-template-location=false)
2023-07-12 13:04:34 INFO  [main] org.springframework.boot.web.embedded.tomcat.TomcatWebServer: Tomcat started on port(s): 8080 (http) with context path ''
2023-07-12 13:04:35 INFO  [main] org.springframework.boot.StartupInfoLogger: Started YouNiteApplication in 8.559 seconds (JVM running for 10.769)
2023-07-12 13:05:28 INFO  [http-nio-8080-exec-2] org.apache.juli.logging.DirectJDKLog: Initializing Spring DispatcherServlet 'dispatcherServlet'
2023-07-12 13:05:28 INFO  [http-nio-8080-exec-2] org.springframework.web.servlet.FrameworkServlet: Initializing Servlet 'dispatcherServlet'
2023-07-12 13:05:28 INFO  [http-nio-8080-exec-2] org.springframework.web.servlet.FrameworkServlet: Completed initialization in 2 ms
2023-07-12 13:05:28 INFO  [http-nio-8080-exec-2] com.zaxxer.hikari.HikariDataSource: HikariPool-1 - Starting...
2023-07-12 13:05:29 INFO  [http-nio-8080-exec-2] com.zaxxer.hikari.HikariDataSource: HikariPool-1 - Start completed.
2023-07-12 14:22:19 INFO  [SpringApplicationShutdownHook] com.zaxxer.hikari.HikariDataSource: HikariPool-1 - Shutdown initiated...
2023-07-12 14:22:29 INFO  [SpringApplicationShutdownHook] com.zaxxer.hikari.HikariDataSource: HikariPool-1 - Shutdown completed.
2023-07-12 14:22:35 INFO  [main] org.springframework.boot.StartupInfoLogger: Starting YouNiteApplication using Java 17.0.6 on DESKTOP-TVDDHJO with PID 46076 (C:\Users\user\OneDrive\Desktop\eeit64-younite\Back-End\target\classes started by user in C:\Users\user\OneDrive\Desktop\eeit64-younite\Back-End)
2023-07-12 14:22:35 INFO  [main] org.springframework.boot.SpringApplication: No active profile set, falling back to 1 default profile: "default"
2023-07-12 14:22:36 INFO  [main] org.springframework.boot.web.embedded.tomcat.TomcatWebServer: Tomcat initialized with port(s): 8080 (http)
2023-07-12 14:22:36 INFO  [main] org.apache.juli.logging.DirectJDKLog: Starting service [Tomcat]
2023-07-12 14:22:36 INFO  [main] org.apache.juli.logging.DirectJDKLog: Starting Servlet engine: [Apache Tomcat/9.0.75]
2023-07-12 14:22:36 INFO  [main] org.apache.juli.logging.DirectJDKLog: Initializing Spring embedded WebApplicationContext
2023-07-12 14:22:36 INFO  [main] org.springframework.boot.web.servlet.context.ServletWebServerApplicationContext: Root WebApplicationContext: initialization completed in 1676 ms
2023-07-12 14:22:37 INFO  [main] org.springframework.boot.autoconfigure.web.servlet.WelcomePageHandlerMapping: Adding welcome page: class path resource [static/index.html]
2023-07-12 14:22:37 WARN  [main] org.springframework.boot.autoconfigure.thymeleaf.ThymeleafAutoConfiguration$DefaultTemplateResolverConfiguration: Cannot find template location: classpath:/templates/ (please add some templates, check your Thymeleaf configuration, or set spring.thymeleaf.check-template-location=false)
2023-07-12 14:22:38 INFO  [main] org.springframework.boot.web.embedded.tomcat.TomcatWebServer: Tomcat started on port(s): 8080 (http) with context path ''
2023-07-12 14:22:38 INFO  [main] org.springframework.boot.StartupInfoLogger: Started YouNiteApplication in 3.753 seconds (JVM running for 4.838)
2023-07-12 14:22:47 INFO  [http-nio-8080-exec-1] org.apache.juli.logging.DirectJDKLog: Initializing Spring DispatcherServlet 'dispatcherServlet'
2023-07-12 14:22:47 INFO  [http-nio-8080-exec-1] org.springframework.web.servlet.FrameworkServlet: Initializing Servlet 'dispatcherServlet'
2023-07-12 14:22:47 INFO  [http-nio-8080-exec-1] org.springframework.web.servlet.FrameworkServlet: Completed initialization in 1 ms
2023-07-12 14:22:47 INFO  [http-nio-8080-exec-1] com.zaxxer.hikari.HikariDataSource: HikariPool-1 - Starting...
2023-07-12 14:22:48 INFO  [http-nio-8080-exec-1] com.zaxxer.hikari.HikariDataSource: HikariPool-1 - Start completed.
2023-07-12 15:06:06 INFO  [SpringApplicationShutdownHook] com.zaxxer.hikari.HikariDataSource: HikariPool-1 - Shutdown initiated...
2023-07-12 15:06:16 INFO  [SpringApplicationShutdownHook] com.zaxxer.hikari.HikariDataSource: HikariPool-1 - Shutdown completed.
2023-07-12 15:06:22 INFO  [main] org.springframework.boot.StartupInfoLogger: Starting YouNiteApplication using Java 17.0.6 on DESKTOP-TVDDHJO with PID 16892 (C:\Users\user\OneDrive\Desktop\eeit64-younite\Back-End\target\classes started by user in C:\Users\user\OneDrive\Desktop\eeit64-younite\Back-End)
2023-07-12 15:06:22 INFO  [main] org.springframework.boot.SpringApplication: No active profile set, falling back to 1 default profile: "default"
2023-07-12 15:06:23 INFO  [main] org.springframework.boot.web.embedded.tomcat.TomcatWebServer: Tomcat initialized with port(s): 8080 (http)
2023-07-12 15:06:23 INFO  [main] org.apache.juli.logging.DirectJDKLog: Starting service [Tomcat]
2023-07-12 15:06:23 INFO  [main] org.apache.juli.logging.DirectJDKLog: Starting Servlet engine: [Apache Tomcat/9.0.75]
2023-07-12 15:06:24 INFO  [main] org.apache.juli.logging.DirectJDKLog: Initializing Spring embedded WebApplicationContext
2023-07-12 15:06:24 INFO  [main] org.springframework.boot.web.servlet.context.ServletWebServerApplicationContext: Root WebApplicationContext: initialization completed in 1527 ms
2023-07-12 15:06:25 INFO  [main] org.springframework.boot.autoconfigure.web.servlet.WelcomePageHandlerMapping: Adding welcome page: class path resource [static/index.html]
2023-07-12 15:06:25 WARN  [main] org.springframework.boot.autoconfigure.thymeleaf.ThymeleafAutoConfiguration$DefaultTemplateResolverConfiguration: Cannot find template location: classpath:/templates/ (please add some templates, check your Thymeleaf configuration, or set spring.thymeleaf.check-template-location=false)
2023-07-12 15:06:25 INFO  [main] org.springframework.boot.web.embedded.tomcat.TomcatWebServer: Tomcat started on port(s): 8080 (http) with context path ''
2023-07-12 15:06:25 INFO  [main] org.springframework.boot.StartupInfoLogger: Started YouNiteApplication in 3.468 seconds (JVM running for 4.551)
2023-07-12 15:06:38 INFO  [http-nio-8080-exec-2] org.apache.juli.logging.DirectJDKLog: Initializing Spring DispatcherServlet 'dispatcherServlet'
2023-07-12 15:06:38 INFO  [http-nio-8080-exec-2] org.springframework.web.servlet.FrameworkServlet: Initializing Servlet 'dispatcherServlet'
2023-07-12 15:06:38 INFO  [http-nio-8080-exec-2] org.springframework.web.servlet.FrameworkServlet: Completed initialization in 1 ms
2023-07-12 15:06:38 INFO  [http-nio-8080-exec-2] com.zaxxer.hikari.HikariDataSource: HikariPool-1 - Starting...
2023-07-12 15:06:39 INFO  [http-nio-8080-exec-2] com.zaxxer.hikari.HikariDataSource: HikariPool-1 - Start completed.
2023-07-12 15:07:19 INFO  [SpringApplicationShutdownHook] com.zaxxer.hikari.HikariDataSource: HikariPool-1 - Shutdown initiated...
2023-07-12 15:07:19 INFO  [SpringApplicationShutdownHook] com.zaxxer.hikari.HikariDataSource: HikariPool-1 - Shutdown completed.
2023-07-12 15:07:24 INFO  [main] org.springframework.boot.StartupInfoLogger: Starting YouNiteApplication using Java 17.0.6 on DESKTOP-TVDDHJO with PID 12308 (C:\Users\user\OneDrive\Desktop\eeit64-younite\Back-End\target\classes started by user in C:\Users\user\OneDrive\Desktop\eeit64-younite\Back-End)
2023-07-12 15:07:24 INFO  [main] org.springframework.boot.SpringApplication: No active profile set, falling back to 1 default profile: "default"
2023-07-12 15:07:25 INFO  [main] org.springframework.boot.web.embedded.tomcat.TomcatWebServer: Tomcat initialized with port(s): 8080 (http)
2023-07-12 15:07:25 INFO  [main] org.apache.juli.logging.DirectJDKLog: Starting service [Tomcat]
2023-07-12 15:07:25 INFO  [main] org.apache.juli.logging.DirectJDKLog: Starting Servlet engine: [Apache Tomcat/9.0.75]
2023-07-12 15:07:26 INFO  [main] org.apache.juli.logging.DirectJDKLog: Initializing Spring embedded WebApplicationContext
2023-07-12 15:07:26 INFO  [main] org.springframework.boot.web.servlet.context.ServletWebServerApplicationContext: Root WebApplicationContext: initialization completed in 1455 ms
2023-07-12 15:07:27 INFO  [main] org.springframework.boot.autoconfigure.web.servlet.WelcomePageHandlerMapping: Adding welcome page: class path resource [static/index.html]
2023-07-12 15:07:27 WARN  [main] org.springframework.boot.autoconfigure.thymeleaf.ThymeleafAutoConfiguration$DefaultTemplateResolverConfiguration: Cannot find template location: classpath:/templates/ (please add some templates, check your Thymeleaf configuration, or set spring.thymeleaf.check-template-location=false)
2023-07-12 15:07:27 INFO  [main] org.springframework.boot.web.embedded.tomcat.TomcatWebServer: Tomcat started on port(s): 8080 (http) with context path ''
2023-07-12 15:07:27 INFO  [main] org.springframework.boot.StartupInfoLogger: Started YouNiteApplication in 3.301 seconds (JVM running for 4.228)
2023-07-12 15:07:32 INFO  [http-nio-8080-exec-4] org.apache.juli.logging.DirectJDKLog: Initializing Spring DispatcherServlet 'dispatcherServlet'
2023-07-12 15:07:32 INFO  [http-nio-8080-exec-4] org.springframework.web.servlet.FrameworkServlet: Initializing Servlet 'dispatcherServlet'
2023-07-12 15:07:32 INFO  [http-nio-8080-exec-4] org.springframework.web.servlet.FrameworkServlet: Completed initialization in 1 ms
2023-07-12 15:07:32 INFO  [http-nio-8080-exec-4] com.zaxxer.hikari.HikariDataSource: HikariPool-1 - Starting...
2023-07-12 15:07:33 INFO  [http-nio-8080-exec-4] com.zaxxer.hikari.HikariDataSource: HikariPool-1 - Start completed.
2023-07-12 15:07:55 INFO  [SpringApplicationShutdownHook] com.zaxxer.hikari.HikariDataSource: HikariPool-1 - Shutdown initiated...
2023-07-12 15:07:55 INFO  [SpringApplicationShutdownHook] com.zaxxer.hikari.HikariDataSource: HikariPool-1 - Shutdown completed.
2023-07-12 15:45:20 INFO  [main] org.springframework.boot.StartupInfoLogger: Starting YouNiteApplication using Java 17.0.6 on DESKTOP-TVDDHJO with PID 18028 (C:\Users\user\OneDrive\Desktop\eeit64-younite\Back-End\target\classes started by user in C:\Users\user\OneDrive\Desktop\eeit64-younite\Back-End)
2023-07-12 15:45:20 INFO  [main] org.springframework.boot.SpringApplication: No active profile set, falling back to 1 default profile: "default"
2023-07-12 15:45:21 INFO  [main] org.springframework.boot.web.embedded.tomcat.TomcatWebServer: Tomcat initialized with port(s): 8080 (http)
2023-07-12 15:45:21 INFO  [main] org.apache.juli.logging.DirectJDKLog: Starting service [Tomcat]
2023-07-12 15:45:21 INFO  [main] org.apache.juli.logging.DirectJDKLog: Starting Servlet engine: [Apache Tomcat/9.0.75]
2023-07-12 15:45:22 INFO  [main] org.apache.juli.logging.DirectJDKLog: Initializing Spring embedded WebApplicationContext
2023-07-12 15:45:22 INFO  [main] org.springframework.boot.web.servlet.context.ServletWebServerApplicationContext: Root WebApplicationContext: initialization completed in 1756 ms
2023-07-12 15:45:23 INFO  [main] org.springframework.boot.autoconfigure.web.servlet.WelcomePageHandlerMapping: Adding welcome page: class path resource [static/index.html]
2023-07-12 15:45:23 WARN  [main] org.springframework.boot.autoconfigure.thymeleaf.ThymeleafAutoConfiguration$DefaultTemplateResolverConfiguration: Cannot find template location: classpath:/templates/ (please add some templates, check your Thymeleaf configuration, or set spring.thymeleaf.check-template-location=false)
2023-07-12 15:45:23 INFO  [main] org.springframework.boot.web.embedded.tomcat.TomcatWebServer: Tomcat started on port(s): 8080 (http) with context path ''
2023-07-12 15:45:23 INFO  [main] org.springframework.boot.StartupInfoLogger: Started YouNiteApplication in 3.867 seconds (JVM running for 4.948)
2023-07-12 15:58:36 ERROR [main] org.springframework.boot.SpringApplication: Application run failed
org.yaml.snakeyaml.constructor.DuplicateKeyException: while constructing a mapping
 in 'reader', line 1, column 1:
    server:
    ^
found duplicate key server
 in 'reader', line 68, column 1:
    server:
    ^

	at org.yaml.snakeyaml.constructor.SafeConstructor.processDuplicateKeys(SafeConstructor.java:105)
	at org.yaml.snakeyaml.constructor.SafeConstructor.flattenMapping(SafeConstructor.java:76)
	at org.yaml.snakeyaml.constructor.SafeConstructor.constructMapping2ndStep(SafeConstructor.java:189)
	at org.yaml.snakeyaml.constructor.BaseConstructor.constructMapping(BaseConstructor.java:461)
	at org.yaml.snakeyaml.constructor.SafeConstructor$ConstructYamlMap.construct(SafeConstructor.java:556)
	at org.yaml.snakeyaml.constructor.BaseConstructor.constructObjectNoCheck(BaseConstructor.java:230)
	at org.yaml.snakeyaml.constructor.BaseConstructor.constructObject(BaseConstructor.java:220)
	at org.springframework.boot.env.OriginTrackedYamlLoader$OriginTrackingConstructor.constructObject(OriginTrackedYamlLoader.java:123)
	at org.yaml.snakeyaml.constructor.BaseConstructor.constructDocument(BaseConstructor.java:174)
	at org.yaml.snakeyaml.constructor.BaseConstructor.getData(BaseConstructor.java:139)
	at org.springframework.boot.env.OriginTrackedYamlLoader$OriginTrackingConstructor.getData(OriginTrackedYamlLoader.java:103)
	at org.yaml.snakeyaml.Yaml$1.next(Yaml.java:514)
	at org.springframework.beans.factory.config.YamlProcessor.process(YamlProcessor.java:199)
	at org.springframework.beans.factory.config.YamlProcessor.process(YamlProcessor.java:166)
	at org.springframework.boot.env.OriginTrackedYamlLoader.load(OriginTrackedYamlLoader.java:88)
	at org.springframework.boot.env.YamlPropertySourceLoader.load(YamlPropertySourceLoader.java:50)
	at org.springframework.boot.context.config.StandardConfigDataLoader.load(StandardConfigDataLoader.java:54)
	at org.springframework.boot.context.config.StandardConfigDataLoader.load(StandardConfigDataLoader.java:36)
	at org.springframework.boot.context.config.ConfigDataLoaders.load(ConfigDataLoaders.java:108)
	at org.springframework.boot.context.config.ConfigDataImporter.load(ConfigDataImporter.java:132)
	at org.springframework.boot.context.config.ConfigDataImporter.resolveAndLoad(ConfigDataImporter.java:87)
	at org.springframework.boot.context.config.ConfigDataEnvironmentContributors.withProcessedImports(ConfigDataEnvironmentContributors.java:116)
	at org.springframework.boot.context.config.ConfigDataEnvironment.processInitial(ConfigDataEnvironment.java:240)
	at org.springframework.boot.context.config.ConfigDataEnvironment.processAndApply(ConfigDataEnvironment.java:227)
	at org.springframework.boot.context.config.ConfigDataEnvironmentPostProcessor.postProcessEnvironment(ConfigDataEnvironmentPostProcessor.java:102)
	at org.springframework.boot.context.config.ConfigDataEnvironmentPostProcessor.postProcessEnvironment(ConfigDataEnvironmentPostProcessor.java:94)
	at org.springframework.boot.env.EnvironmentPostProcessorApplicationListener.onApplicationEnvironmentPreparedEvent(EnvironmentPostProcessorApplicationListener.java:102)
	at org.springframework.boot.env.EnvironmentPostProcessorApplicationListener.onApplicationEvent(EnvironmentPostProcessorApplicationListener.java:87)
	at org.springframework.context.event.SimpleApplicationEventMulticaster.doInvokeListener(SimpleApplicationEventMulticaster.java:176)
	at org.springframework.context.event.SimpleApplicationEventMulticaster.invokeListener(SimpleApplicationEventMulticaster.java:169)
	at org.springframework.context.event.SimpleApplicationEventMulticaster.multicastEvent(SimpleApplicationEventMulticaster.java:143)
	at org.springframework.context.event.SimpleApplicationEventMulticaster.multicastEvent(SimpleApplicationEventMulticaster.java:131)
	at org.springframework.boot.context.event.EventPublishingRunListener.environmentPrepared(EventPublishingRunListener.java:85)
	at org.springframework.boot.SpringApplicationRunListeners.lambda$environmentPrepared$2(SpringApplicationRunListeners.java:66)
	at java.base/java.util.ArrayList.forEach(ArrayList.java:1511)
	at org.springframework.boot.SpringApplicationRunListeners.doWithListeners(SpringApplicationRunListeners.java:120)
	at org.springframework.boot.SpringApplicationRunListeners.doWithListeners(SpringApplicationRunListeners.java:114)
	at org.springframework.boot.SpringApplicationRunListeners.environmentPrepared(SpringApplicationRunListeners.java:65)
	at org.springframework.boot.SpringApplication.prepareEnvironment(SpringApplication.java:343)
	at org.springframework.boot.SpringApplication.run(SpringApplication.java:301)
	at org.springframework.boot.SpringApplication.run(SpringApplication.java:1303)
	at org.springframework.boot.SpringApplication.run(SpringApplication.java:1292)
	at tw.com.younite.YouNiteApplication.main(YouNiteApplication.java:15)
