2023-07-13 14:31:04 INFO  [main] org.springframework.boot.StartupInfoLogger: Starting YouNiteApplication using Java 20.0.1 on L20.r2003.tciii.org.tw with PID 53453 (/Users/zichengliu/finalTermProject/eeit64-younite/Back-End/target/classes started by zichengliu in /Users/zichengliu/finalTermProject/eeit64-younite/Back-End)
2023-07-13 14:31:04 INFO  [main] org.springframework.boot.SpringApplication: No active profile set, falling back to 1 default profile: "default"
2023-07-13 14:31:05 INFO  [main] org.springframework.boot.web.embedded.tomcat.TomcatWebServer: Tomcat initialized with port(s): 8080 (http)
2023-07-13 14:31:05 INFO  [main] org.apache.juli.logging.DirectJDKLog: Starting service [Tomcat]
2023-07-13 14:31:05 INFO  [main] org.apache.juli.logging.DirectJDKLog: Starting Servlet engine: [Apache Tomcat/9.0.75]
2023-07-13 14:31:05 INFO  [main] org.apache.juli.logging.DirectJDKLog: Initializing Spring embedded WebApplicationContext
2023-07-13 14:31:05 INFO  [main] org.springframework.boot.web.servlet.context.ServletWebServerApplicationContext: Root WebApplicationContext: initialization completed in 1018 ms
2023-07-13 14:31:06 INFO  [main] org.springframework.boot.autoconfigure.web.servlet.WelcomePageHandlerMapping: Adding welcome page: class path resource [static/index.html]
2023-07-13 14:31:06 WARN  [main] org.springframework.boot.autoconfigure.thymeleaf.ThymeleafAutoConfiguration$DefaultTemplateResolverConfiguration: Cannot find template location: classpath:/templates/ (please add some templates, check your Thymeleaf configuration, or set spring.thymeleaf.check-template-location=false)
2023-07-13 14:31:06 INFO  [main] org.springframework.boot.web.embedded.tomcat.TomcatWebServer: Tomcat started on port(s): 8080 (http) with context path ''
2023-07-13 14:31:06 INFO  [main] org.springframework.boot.StartupInfoLogger: Started YouNiteApplication in 2.858 seconds (JVM running for 3.745)
2023-07-13 14:33:58 INFO  [http-nio-8080-exec-1] org.apache.juli.logging.DirectJDKLog: Initializing Spring DispatcherServlet 'dispatcherServlet'
2023-07-13 14:33:58 INFO  [http-nio-8080-exec-1] org.springframework.web.servlet.FrameworkServlet: Initializing Servlet 'dispatcherServlet'
2023-07-13 14:33:58 INFO  [http-nio-8080-exec-1] org.springframework.web.servlet.FrameworkServlet: Completed initialization in 12 ms
2023-07-13 14:33:58 INFO  [http-nio-8080-exec-2] com.zaxxer.hikari.HikariDataSource: HikariPool-1 - Starting...
2023-07-13 14:33:58 INFO  [http-nio-8080-exec-2] com.zaxxer.hikari.HikariDataSource: HikariPool-1 - Start completed.
2023-07-13 14:49:25 WARN  [http-nio-8080-exec-2] org.springframework.web.servlet.handler.AbstractHandlerExceptionResolver: Resolved [org.springframework.web.method.annotation.MethodArgumentTypeMismatchException: Failed to convert value of type 'java.lang.String' to required type 'java.lang.Integer'; nested exception is java.lang.NumberFormatException: For input string: "friendList"]
2023-07-13 14:49:56 WARN  [http-nio-8080-exec-3] org.springframework.web.servlet.handler.AbstractHandlerExceptionResolver: Resolved [org.springframework.web.method.annotation.MethodArgumentTypeMismatchException: Failed to convert value of type 'java.lang.String' to required type 'java.lang.Integer'; nested exception is java.lang.NumberFormatException: For input string: "friendList"]
2023-07-13 14:53:00 WARN  [http-nio-8080-exec-10] org.springframework.web.servlet.handler.AbstractHandlerExceptionResolver: Resolved [org.springframework.web.method.annotation.MethodArgumentTypeMismatchException: Failed to convert value of type 'java.lang.String' to required type 'java.lang.Integer'; nested exception is java.lang.NumberFormatException: For input string: "friendList"]
2023-07-13 14:53:01 WARN  [http-nio-8080-exec-9] org.springframework.web.servlet.handler.AbstractHandlerExceptionResolver: Resolved [org.springframework.web.method.annotation.MethodArgumentTypeMismatchException: Failed to convert value of type 'java.lang.String' to required type 'java.lang.Integer'; nested exception is java.lang.NumberFormatException: For input string: "friendList"]
2023-07-13 14:53:02 WARN  [http-nio-8080-exec-2] org.springframework.web.servlet.handler.AbstractHandlerExceptionResolver: Resolved [org.springframework.web.method.annotation.MethodArgumentTypeMismatchException: Failed to convert value of type 'java.lang.String' to required type 'java.lang.Integer'; nested exception is java.lang.NumberFormatException: For input string: "friendList"]
2023-07-13 14:53:03 WARN  [http-nio-8080-exec-1] org.springframework.web.servlet.handler.AbstractHandlerExceptionResolver: Resolved [org.springframework.web.method.annotation.MethodArgumentTypeMismatchException: Failed to convert value of type 'java.lang.String' to required type 'java.lang.Integer'; nested exception is java.lang.NumberFormatException: For input string: "friendList"]
2023-07-13 14:53:04 WARN  [http-nio-8080-exec-3] org.springframework.web.servlet.handler.AbstractHandlerExceptionResolver: Resolved [org.springframework.web.method.annotation.MethodArgumentTypeMismatchException: Failed to convert value of type 'java.lang.String' to required type 'java.lang.Integer'; nested exception is java.lang.NumberFormatException: For input string: "friendList"]
2023-07-13 14:53:22 INFO  [SpringApplicationShutdownHook] com.zaxxer.hikari.HikariDataSource: HikariPool-1 - Shutdown initiated...
