2023-07-09 21:35:56 INFO  [main] org.springframework.boot.StartupInfoLogger: Starting YouNiteApplication using Java 17.0.6 on DESKTOP-4QOI924 with PID 4480 (C:\Users\tingw\IdeaProjects\0709unite\Back-End\target\classes started by tingw in C:\Users\tingw\IdeaProjects\0709unite)
2023-07-09 21:35:56 INFO  [main] org.springframework.boot.SpringApplication: No active profile set, falling back to 1 default profile: "default"
2023-07-09 21:35:57 INFO  [main] org.springframework.boot.web.embedded.tomcat.TomcatWebServer: Tomcat initialized with port(s): 8080 (http)
2023-07-09 21:35:57 INFO  [main] org.apache.juli.logging.DirectJDKLog: Starting service [Tomcat]
2023-07-09 21:35:57 INFO  [main] org.apache.juli.logging.DirectJDKLog: Starting Servlet engine: [Apache Tomcat/9.0.75]
2023-07-09 21:35:57 INFO  [main] org.apache.juli.logging.DirectJDKLog: Initializing Spring embedded WebApplicationContext
2023-07-09 21:35:57 INFO  [main] org.springframework.boot.web.servlet.context.ServletWebServerApplicationContext: Root WebApplicationContext: initialization completed in 1174 ms
2023-07-09 21:35:58 INFO  [main] org.springframework.boot.autoconfigure.web.servlet.WelcomePageHandlerMapping: Adding welcome page: class path resource [static/index.html]
2023-07-09 21:35:58 WARN  [main] org.springframework.boot.autoconfigure.thymeleaf.ThymeleafAutoConfiguration$DefaultTemplateResolverConfiguration: Cannot find template location: classpath:/templates/ (please add some templates, check your Thymeleaf configuration, or set spring.thymeleaf.check-template-location=false)
2023-07-09 21:35:59 INFO  [main] org.springframework.boot.web.embedded.tomcat.TomcatWebServer: Tomcat started on port(s): 8080 (http) with context path ''
2023-07-09 21:35:59 INFO  [main] org.springframework.boot.StartupInfoLogger: Started YouNiteApplication in 3.255 seconds (JVM running for 4.487)
2023-07-09 22:00:27 INFO  [main] org.springframework.boot.StartupInfoLogger: Starting YouNiteApplication using Java 17.0.6 on DESKTOP-4QOI924 with PID 2360 (C:\Users\tingw\IdeaProjects\0709unite\Back-End\target\classes started by tingw in C:\Users\tingw\IdeaProjects\0709unite)
2023-07-09 22:00:27 INFO  [main] org.springframework.boot.SpringApplication: No active profile set, falling back to 1 default profile: "default"
2023-07-09 22:00:28 INFO  [main] org.springframework.boot.web.embedded.tomcat.TomcatWebServer: Tomcat initialized with port(s): 8080 (http)
2023-07-09 22:00:28 INFO  [main] org.apache.juli.logging.DirectJDKLog: Starting service [Tomcat]
2023-07-09 22:00:28 INFO  [main] org.apache.juli.logging.DirectJDKLog: Starting Servlet engine: [Apache Tomcat/9.0.75]
2023-07-09 22:00:28 INFO  [main] org.apache.juli.logging.DirectJDKLog: Initializing Spring embedded WebApplicationContext
2023-07-09 22:00:28 INFO  [main] org.springframework.boot.web.servlet.context.ServletWebServerApplicationContext: Root WebApplicationContext: initialization completed in 1136 ms
2023-07-09 22:00:29 INFO  [main] org.springframework.boot.autoconfigure.web.servlet.WelcomePageHandlerMapping: Adding welcome page: class path resource [static/index.html]
2023-07-09 22:00:29 WARN  [main] org.springframework.boot.autoconfigure.thymeleaf.ThymeleafAutoConfiguration$DefaultTemplateResolverConfiguration: Cannot find template location: classpath:/templates/ (please add some templates, check your Thymeleaf configuration, or set spring.thymeleaf.check-template-location=false)
2023-07-09 22:00:29 INFO  [main] org.springframework.boot.web.embedded.tomcat.TomcatWebServer: Tomcat started on port(s): 8080 (http) with context path ''
2023-07-09 22:00:29 INFO  [main] org.springframework.boot.StartupInfoLogger: Started YouNiteApplication in 3.02 seconds (JVM running for 3.631)
